<?xml version="1.0" encoding="UTF-8"?>
<!-- Generated by org.testng.reporters.JUnitXMLReporter -->
<testsuite ignored="3" hostname="DESKTOP-8OMHQOE" failures="0" tests="1" name="Default test" time="26.03" errors="0" timestamp="2020-09-29T12:31:37 IST">
  <testcase classname="com.webservices.automation.GetData" name="validateShipIDfromallShips" time="25.944"/>
  <testcase classname="com.webservices.automation.GetData" name="validateShipID" time="0.0">
    <ignored/>
  </testcase> <!-- validateShipID -->
  <testcase classname="com.webservices.automation.GetData" name="validateCoresData" time="0.0">
    <ignored/>
  </testcase> <!-- validateCoresData -->
  <testcase classname="com.webservices.automation.GetData" name="validateID" time="0.0">
    <ignored/>
  </testcase> <!-- validateID -->
</testsuite> <!-- Default test -->
