<?xml version="1.0" encoding="UTF-8"?>
<testng-results ignored="3" total="4" passed="1" failed="0" skipped="0">
  <reporter-output>
  </reporter-output>
  <suite started-at="2020-09-29T12:31:07 IST" name="Default suite" finished-at="2020-09-29T12:31:33 IST" duration-ms="26030">
    <groups>
    </groups>
    <test started-at="2020-09-29T12:31:07 IST" name="Default test" finished-at="2020-09-29T12:31:33 IST" duration-ms="26030">
      <class name="com.webservices.automation.GetData">
        <test-method signature="validateShipIDfromallShips()[pri:0, instance:com.webservices.automation.GetData@7f1302d6]" started-at="2020-09-29T12:31:07 IST" name="validateShipIDfromallShips" finished-at="2020-09-29T12:31:33 IST" duration-ms="25944" status="PASS">
          <reporter-output>
          </reporter-output>
        </test-method> <!-- validateShipIDfromallShips -->
      </class> <!-- com.webservices.automation.GetData -->
    </test> <!-- Default test -->
  </suite> <!-- Default suite -->
</testng-results>
